Using pre-set license
Built from 'trunk' branch; Version is '2021.1.0a9 (18321e85013a) revision 1585694'; Using compiler version '192528614'; Build Type 'Release'
OS: 'Windows 10 Pro; OS build 19042.685; Version 2009; 64bit' Language: 'en' Physical Memory: 7970 MB
BatchMode: 1, IsHumanControllingUs: 0, StartBugReporterOnCrash: 0, Is64bit: 1, IsPro: 0

 COMMAND LINE ARGUMENTS:
D:\Program Files\Unity\Hub\Editor\2021.1.0a9\Editor\Unity.exe
-adb2
-batchMode
-noUpm
-name
AssetImportWorker3
-projectPath
D:/Users/ibadr/Downloads/Projects/Unity/Mobile Appliation
-logFile
Logs/AssetImportWorker3.log
-srvPort
49571
Successfully changed project path to: D:/Users/ibadr/Downloads/Projects/Unity/Mobile Appliation
D:/Users/ibadr/Downloads/Projects/Unity/Mobile Appliation
Using Asset Import Pipeline V2.
Refreshing native plugins compatible for Editor in 39.42 ms, found 1 plugins.
Preloading 0 native plugins for Editor in 0.00 ms.
Initialize engine version: 2021.1.0a9 (18321e85013a)
[Subsystems] Discovering subsystems at path D:/Program Files/Unity/Hub/Editor/2021.1.0a9/Editor/Data/Resources/UnitySubsystems
[Subsystems] Discovering subsystems at path D:/Users/ibadr/Downloads/Projects/Unity/Mobile Appliation/Assets
GfxDevice: creating device client; threaded=0; jobified=0
Direct3D:
    Version:  Direct3D 11.0 [level 11.1]
    Renderer: NVIDIA GeForce GTX 1050 Ti (ID=0x1c8c)
    Vendor:   
    VRAM:     4018 MB
    Driver:   27.21.14.6089
Initialize mono
Mono path[0] = 'D:/Program Files/Unity/Hub/Editor/2021.1.0a9/Editor/Data/Managed'
Mono path[1] = 'D:/Program Files/Unity/Hub/Editor/2021.1.0a9/Editor/Data/MonoBleedingEdge/lib/mono/unityjit'
Mono config path = 'D:/Program Files/Unity/Hub/Editor/2021.1.0a9/Editor/Data/MonoBleedingEdge/etc'
Using monoOptions --debugger-agent=transport=dt_socket,embedding=1,server=y,suspend=n,address=127.0.0.1:56384
Begin MonoManager ReloadAssembly
Registering precompiled unity dll's ...
Register platform support module: D:/Program Files/Unity/Hub/Editor/2021.1.0a9/Editor/Data/PlaybackEngines/WindowsStandaloneSupport/UnityEditor.WindowsStandalone.Extensions.dll
Register platform support module: D:/Program Files/Unity/Hub/Editor/2021.1.0a9/Editor/Data/PlaybackEngines/LinuxStandaloneSupport/UnityEditor.LinuxStandalone.Extensions.dll
Registered in 0.001246 seconds.
Native extension for LinuxStandalone target not found
Native extension for WindowsStandalone target not found
Refreshing native plugins compatible for Editor in 35.81 ms, found 1 plugins.
Preloading 0 native plugins for Editor in 0.00 ms.
Mono: successfully reloaded assembly
- Completed reload, in  1.162 seconds
Platform modules already initialized, skipping
Registering precompiled user dll's ...
Registered in 0.000831 seconds.
Begin MonoManager ReloadAssembly
Native extension for LinuxStandalone target not found
Native extension for WindowsStandalone target not found
Refreshing native plugins compatible for Editor in 36.13 ms, found 1 plugins.
Preloading 0 native plugins for Editor in 0.00 ms.
Mono: successfully reloaded assembly
- Completed reload, in  3.596 seconds
Platform modules already initialized, skipping
========================================================================
Worker process is ready to serve import requests
Launched and connected shader compiler UnityShaderCompiler.exe after 0.31 seconds
Refreshing native plugins compatible for Editor in 0.36 ms, found 1 plugins.
Preloading 0 native plugins for Editor in 0.00 ms.
Unloading 1836 Unused Serialized files (Serialized files now loaded: 0)
System memory in use before: 219.2 MB.
System memory in use after: 219.3 MB.

Unloading 19 unused Assets to reduce memory usage. Loaded Objects now: 2299.
Total: 2.640400 ms (FindLiveObjects: 0.212600 ms CreateObjectMapping: 0.133000 ms MarkObjects: 2.184300 ms  DeleteObjects: 0.109200 ms)

========================================================================
Received Import Request.
  path: Assets/Sprites/StartScene/DefaultBackground.psd
  artifactKey: Guid(5e35b29e7990db24b8277591ad006264) Importer(815301076,1909f56bfc062723c751e8b465ee728b)
Start importing Assets/Sprites/StartScene/DefaultBackground.psd using Guid(5e35b29e7990db24b8277591ad006264) Importer(815301076,1909f56bfc062723c751e8b465ee728b)  -> (artifact id: '69342d349a0d566ee6bfdcd7e54289ae') in 0.433950 seconds 
========================================================================
Received Import Request.
  Time since last request: 0.042482 seconds.
  path: Assets/Sprites/StartScene/BackGround.psd
  artifactKey: Guid(e2b2ecac95687334ba14d0e4de819695) Importer(815301076,1909f56bfc062723c751e8b465ee728b)
Start importing Assets/Sprites/StartScene/BackGround.psd using Guid(e2b2ecac95687334ba14d0e4de819695) Importer(815301076,1909f56bfc062723c751e8b465ee728b)  -> (artifact id: 'b49713e6faee5b17b8936d6479828fce') in 0.108316 seconds 
========================================================================
Received Import Request.
  Time since last request: 0.019461 seconds.
  path: Assets/Sprites/EducationalScene/Unit1/Goals.png
  artifactKey: Guid(9a4fcfc784cc0e54bab917cb6d64c6da) Importer(815301076,1909f56bfc062723c751e8b465ee728b)
Start importing Assets/Sprites/EducationalScene/Unit1/Goals.png using Guid(9a4fcfc784cc0e54bab917cb6d64c6da) Importer(815301076,1909f56bfc062723c751e8b465ee728b)  -> (artifact id: '5e55f98a12c4d61f18b7d43afc23ff2b') in 0.081365 seconds 
========================================================================
Received Import Request.
  Time since last request: 0.022784 seconds.
  path: Assets/Sprites/MenuScene/ButtonsBackground.png
  artifactKey: Guid(58716d1bbdf5ff34ab785080be89e2c0) Importer(815301076,1909f56bfc062723c751e8b465ee728b)
Start importing Assets/Sprites/MenuScene/ButtonsBackground.png using Guid(58716d1bbdf5ff34ab785080be89e2c0) Importer(815301076,1909f56bfc062723c751e8b465ee728b)  -> (artifact id: 'e163b189ad8f2290148263d93e151e30') in 0.100041 seconds 
========================================================================
Received Import Request.
  Time since last request: 0.022578 seconds.
  path: Assets/Sprites/StartScene/ButtonsBackground.psd
  artifactKey: Guid(84ebcf4b9121fe94b926a062c8245d27) Importer(815301076,1909f56bfc062723c751e8b465ee728b)
Start importing Assets/Sprites/StartScene/ButtonsBackground.psd using Guid(84ebcf4b9121fe94b926a062c8245d27) Importer(815301076,1909f56bfc062723c751e8b465ee728b)  -> (artifact id: '0947568e4b808029a209dedf2ef9cc58') in 0.063589 seconds 
AssetImportWorkerClient::OnTransportError - code=2 error=End of file
